2024-10-14T21:34:56.133-03:00  INFO 5600 --- [authserver] [main] b.p.authserver.AuthserverApplicationKt   : Starting AuthserverApplicationKt using Java 21 with PID 5600 (C:\Users\izabe\Desktop\PUCPRSPRING\authserver_06_final (1)\build\classes\kotlin\main started by izabe in C:\Users\izabe\Desktop\PUCPRSPRING\authserver_06_final (1))
2024-10-14T21:34:56.135-03:00  INFO 5600 --- [authserver] [main] b.p.authserver.AuthserverApplicationKt   : No active profile set, falling back to 1 default profile: "default"
2024-10-14T21:34:57.089-03:00  INFO 5600 --- [authserver] [main] .s.d.r.c.RepositoryConfigurationDelegate : Bootstrapping Spring Data JPA repositories in DEFAULT mode.
2024-10-14T21:34:57.158-03:00  INFO 5600 --- [authserver] [main] .s.d.r.c.RepositoryConfigurationDelegate : Finished Spring Data repository scanning in 58 ms. Found 2 JPA repository interfaces.
2024-10-14T21:34:57.713-03:00  INFO 5600 --- [authserver] [main] o.s.b.w.embedded.tomcat.TomcatWebServer  : Tomcat initialized with port 8080 (http)
2024-10-14T21:34:57.728-03:00  INFO 5600 --- [authserver] [main] o.apache.catalina.core.StandardService   : Starting service [Tomcat]
2024-10-14T21:34:57.728-03:00  INFO 5600 --- [authserver] [main] o.apache.catalina.core.StandardEngine    : Starting Servlet engine: [Apache Tomcat/10.1.26]
2024-10-14T21:34:57.793-03:00  INFO 5600 --- [authserver] [main] o.a.c.c.C.[Tomcat].[localhost].[/api]    : Initializing Spring embedded WebApplicationContext
2024-10-14T21:34:57.794-03:00  INFO 5600 --- [authserver] [main] w.s.c.ServletWebServerApplicationContext : Root WebApplicationContext: initialization completed in 1602 ms
2024-10-14T21:34:57.820-03:00  INFO 5600 --- [authserver] [main] com.zaxxer.hikari.HikariDataSource       : HikariPool-1 - Starting...
2024-10-14T21:34:58.067-03:00  INFO 5600 --- [authserver] [main] com.zaxxer.hikari.pool.HikariPool        : HikariPool-1 - Added connection conn0: url=jdbc:h2:mem:db user=SA
2024-10-14T21:34:58.069-03:00  INFO 5600 --- [authserver] [main] com.zaxxer.hikari.HikariDataSource       : HikariPool-1 - Start completed.
2024-10-14T21:34:58.077-03:00  INFO 5600 --- [authserver] [main] o.s.b.a.h2.H2ConsoleAutoConfiguration    : H2 console available at '/h2-console'. Database available at 'jdbc:h2:mem:db'
2024-10-14T21:34:58.199-03:00  INFO 5600 --- [authserver] [main] o.hibernate.jpa.internal.util.LogHelper  : HHH000204: Processing PersistenceUnitInfo [name: default]
2024-10-14T21:34:58.306-03:00  INFO 5600 --- [authserver] [main] org.hibernate.Version                    : HHH000412: Hibernate ORM core version 6.5.2.Final
2024-10-14T21:34:58.359-03:00  INFO 5600 --- [authserver] [main] o.h.c.internal.RegionFactoryInitiator    : HHH000026: Second-level cache disabled
2024-10-14T21:34:58.743-03:00  INFO 5600 --- [authserver] [main] o.s.o.j.p.SpringPersistenceUnitInfo      : No LoadTimeWeaver setup: ignoring JPA class transformer
2024-10-14T21:34:59.822-03:00  INFO 5600 --- [authserver] [main] o.h.e.t.j.p.i.JtaPlatformInitiator       : HHH000489: No JTA platform available (set 'hibernate.transaction.jta.platform' to enable JTA platform integration)
2024-10-14T21:34:59.880-03:00  INFO 5600 --- [authserver] [main] j.LocalContainerEntityManagerFactoryBean : Initialized JPA EntityManagerFactory for persistence unit 'default'
2024-10-14T21:35:00.463-03:00  INFO 5600 --- [authserver] [main] o.s.d.j.r.query.QueryEnhancerFactory     : Hibernate is in classpath; If applicable, HQL parser will be used.
2024-10-14T21:35:00.961-03:00  WARN 5600 --- [authserver] [main] JpaBaseConfiguration$JpaWebConfiguration : spring.jpa.open-in-view is enabled by default. Therefore, database queries may be performed during view rendering. Explicitly configure spring.jpa.open-in-view to disable this warning
2024-10-14T21:35:01.407-03:00  INFO 5600 --- [authserver] [main] o.s.b.w.embedded.tomcat.TomcatWebServer  : Tomcat started on port 8080 (http) with context path '/api'
2024-10-14T21:35:01.590-03:00  INFO 5600 --- [authserver] [main] br.pucpr.authserver.Bootstrapper         : ADMIN and USER roles created!
2024-10-14T21:35:01.624-03:00  INFO 5600 --- [authserver] [main] br.pucpr.authserver.Bootstrapper         : ADMIN user created!
2024-10-14T21:35:01.627-03:00  INFO 5600 --- [authserver] [main] b.p.authserver.AuthserverApplicationKt   : Started AuthserverApplicationKt in 5.967 seconds (process running for 6.982)
2024-10-14T21:36:24.318-03:00  INFO 5600 --- [authserver] [http-nio-8080-exec-8] o.a.c.c.C.[Tomcat].[localhost].[/api]    : Initializing Spring DispatcherServlet 'dispatcherServlet'
2024-10-14T21:36:24.323-03:00  INFO 5600 --- [authserver] [http-nio-8080-exec-8] o.s.web.servlet.DispatcherServlet        : Initializing Servlet 'dispatcherServlet'
2024-10-14T21:36:24.327-03:00  INFO 5600 --- [authserver] [http-nio-8080-exec-8] o.s.web.servlet.DispatcherServlet        : Completed initialization in 4 ms
2024-10-14T21:36:25.828-03:00  INFO 5600 --- [authserver] [http-nio-8080-exec-8] o.springdoc.api.AbstractOpenApiResource  : Init duration for springdoc-openapi is: 726 ms
2024-10-14T22:14:57.433-03:00  INFO 5600 --- [authserver] [SpringApplicationShutdownHook] j.LocalContainerEntityManagerFactoryBean : Closing JPA EntityManagerFactory for persistence unit 'default'
2024-10-14T22:14:57.536-03:00  INFO 5600 --- [authserver] [SpringApplicationShutdownHook] com.zaxxer.hikari.HikariDataSource       : HikariPool-1 - Shutdown initiated...
2024-10-14T22:14:57.554-03:00  INFO 5600 --- [authserver] [SpringApplicationShutdownHook] com.zaxxer.hikari.HikariDataSource       : HikariPool-1 - Shutdown completed.
